# JRE version: OpenJDK Runtime Environment (8.0_242-b01) (build 1.8.0_242-release-1644-b01)
# Java VM: OpenJDK 64-Bit Server VM (25.242-b01 mixed mode windows-amd64 compressed oops)
Heap:
 PSYoungGen      total 644608K, used 491648K [0x00000000d5580000, 0x0000000100000000, 0x0000000100000000)
  eden space 606720K, 74% used [0x00000000d5580000,0x00000000f110f6c8,0x00000000fa600000)
  from space 37888K, 98% used [0x00000000fa600000,0x00000000fca90cd0,0x00000000fcb00000)
  to   space 49664K, 0% used [0x00000000fcf80000,0x00000000fcf80000,0x0000000100000000)
 ParOldGen       total 273408K, used 171585K [0x0000000080000000, 0x0000000090b00000, 0x00000000d5580000)
  object space 273408K, 62% used [0x0000000080000000,0x000000008a790438,0x0000000090b00000)
 Metaspace       used 82480K, capacity 86892K, committed 87848K, reserved 1124352K
  class space    used 10988K, capacity 11793K, committed 12080K, reserved 1048576K
GC Heap History (10 events):
Event: 113.487 GC heap before
{Heap before GC invocations=46 (full 7):
 PSYoungGen      total 655872K, used 626053K [0x00000000d5580000, 0x0000000100000000, 0x0000000100000000)
  eden space 615424K, 100% used [0x00000000d5580000,0x00000000fae80000,0x00000000fae80000)
  from space 40448K, 26% used [0x00000000fd580000,0x00000000fdfe1470,0x00000000ffd00000)
  to   space 39936K, 0% used [0x00000000fae80000,0x00000000fae80000,0x00000000fd580000)
 ParOldGen       total 273408K, used 156791K [0x0000000080000000, 0x0000000090b00000, 0x00000000d5580000)
  object space 273408K, 57% used [0x0000000080000000,0x000000008991deb8,0x0000000090b00000)
 Metaspace       used 82386K, capacity 86786K, committed 87848K, reserved 1124352K
  class space    used 10984K, capacity 11786K, committed 12080K, reserved 1048576K
Event: 113.528 GC heap after
Heap after GC invocations=46 (full 7):
 PSYoungGen      total 655360K, used 18517K [0x00000000d5580000, 0x00000000ffb80000, 0x0000000100000000)
  eden space 615424K, 0% used [0x00000000d5580000,0x00000000d5580000,0x00000000fae80000)
  from space 39936K, 46% used [0x00000000fae80000,0x00000000fc095410,0x00000000fd580000)
  to   space 37888K, 0% used [0x00000000fd680000,0x00000000fd680000,0x00000000ffb80000)
 ParOldGen       total 273408K, used 156799K [0x0000000080000000, 0x0000000090b00000, 0x00000000d5580000)
  object space 273408K, 57% used [0x0000000080000000,0x000000008991feb8,0x0000000090b00000)
 Metaspace       used 82386K, capacity 86786K, committed 87848K, reserved 1124352K
  class space    used 10984K, capacity 11786K, committed 12080K, reserved 1048576K
}
Event: 114.318 GC heap before
{Heap before GC invocations=47 (full 7):
 PSYoungGen      total 655360K, used 633941K [0x00000000d5580000, 0x00000000ffb80000, 0x0000000100000000)
  eden space 615424K, 100% used [0x00000000d5580000,0x00000000fae80000,0x00000000fae80000)
  from space 39936K, 46% used [0x00000000fae80000,0x00000000fc095410,0x00000000fd580000)
  to   space 37888K, 0% used [0x00000000fd680000,0x00000000fd680000,0x00000000ffb80000)
 ParOldGen       total 273408K, used 156799K [0x0000000080000000, 0x0000000090b00000, 0x00000000d5580000)
  object space 273408K, 57% used [0x0000000080000000,0x000000008991feb8,0x0000000090b00000)
 Metaspace       used 82410K, capacity 86786K, committed 87848K, reserved 1124352K
  class space    used 10984K, capacity 11786K, committed 12080K, reserved 1048576K
Event: 114.369 GC heap after
Heap after GC invocations=47 (full 7):
 PSYoungGen      total 655360K, used 25844K [0x00000000d5580000, 0x0000000100000000, 0x0000000100000000)
  eden space 617472K, 0% used [0x00000000d5580000,0x00000000d5580000,0x00000000fb080000)
  from space 37888K, 68% used [0x00000000fd680000,0x00000000fefbd368,0x00000000ffb80000)
  to   space 38912K, 0% used [0x00000000fb080000,0x00000000fb080000,0x00000000fd680000)
 ParOldGen       total 273408K, used 156807K [0x0000000080000000, 0x0000000090b00000, 0x00000000d5580000)
  object space 273408K, 57% used [0x0000000080000000,0x0000000089921eb8,0x0000000090b00000)
 Metaspace       used 82410K, capacity 86786K, committed 87848K, reserved 1124352K
  class space    used 10984K, capacity 11786K, committed 12080K, reserved 1048576K
}
Event: 115.415 GC heap before
{Heap before GC invocations=48 (full 7):
 PSYoungGen      total 655360K, used 643316K [0x00000000d5580000, 0x0000000100000000, 0x0000000100000000)
  eden space 617472K, 100% used [0x00000000d5580000,0x00000000fb080000,0x00000000fb080000)
  from space 37888K, 68% used [0x00000000fd680000,0x00000000fefbd368,0x00000000ffb80000)
  to   space 38912K, 0% used [0x00000000fb080000,0x00000000fb080000,0x00000000fd680000)
 ParOldGen       total 273408K, used 156807K [0x0000000080000000, 0x0000000090b00000, 0x00000000d5580000)
  object space 273408K, 57% used [0x0000000080000000,0x0000000089921eb8,0x0000000090b00000)
 Metaspace       used 82413K, capacity 86786K, committed 87848K, reserved 1124352K
  class space    used 10984K, capacity 11786K, committed 12080K, reserved 1048576K
Event: 115.526 GC heap after
Heap after GC invocations=48 (full 7):
 PSYoungGen      total 656384K, used 34353K [0x00000000d5580000, 0x0000000100000000, 0x0000000100000000)
  eden space 617472K, 0% used [0x00000000d5580000,0x00000000d5580000,0x00000000fb080000)
  from space 38912K, 88% used [0x00000000fb080000,0x00000000fd20c4c8,0x00000000fd680000)
  to   space 42496K, 0% used [0x00000000fd680000,0x00000000fd680000,0x0000000100000000)
 ParOldGen       total 273408K, used 156807K [0x0000000080000000, 0x0000000090b00000, 0x00000000d5580000)
  object space 273408K, 57% used [0x0000000080000000,0x0000000089921eb8,0x0000000090b00000)
 Metaspace       used 82413K, capacity 86786K, committed 87848K, reserved 1124352K
  class space    used 10984K, capacity 11786K, committed 12080K, reserved 1048576K
}
Event: 117.171 GC heap before
{Heap before GC invocations=49 (full 7):
 PSYoungGen      total 656384K, used 651825K [0x00000000d5580000, 0x0000000100000000, 0x0000000100000000)
  eden space 617472K, 100% used [0x00000000d5580000,0x00000000fb080000,0x00000000fb080000)
  from space 38912K, 88% used [0x00000000fb080000,0x00000000fd20c4c8,0x00000000fd680000)
  to   space 42496K, 0% used [0x00000000fd680000,0x00000000fd680000,0x0000000100000000)
 ParOldGen       total 273408K, used 156807K [0x0000000080000000, 0x0000000090b00000, 0x00000000d5580000)
  object space 273408K, 57% used [0x0000000080000000,0x0000000089921eb8,0x0000000090b00000)
 Metaspace       used 82429K, capacity 86786K, committed 87848K, reserved 1124352K
  class space    used 10984K, capacity 11786K, committed 12080K, reserved 1048576K
Event: 117.300 GC heap after
Heap after GC invocations=49 (full 7):
 PSYoungGen      total 649216K, used 35756K [0x00000000d5580000, 0x0000000100000000, 0x0000000100000000)
  eden space 606720K, 0% used [0x00000000d5580000,0x00000000d5580000,0x00000000fa600000)
  from space 42496K, 84% used [0x00000000fd680000,0x00000000ff96b128,0x0000000100000000)
  to   space 46080K, 0% used [0x00000000fa600000,0x00000000fa600000,0x00000000fd300000)
 ParOldGen       total 273408K, used 164535K [0x0000000080000000, 0x0000000090b00000, 0x00000000d5580000)
  object space 273408K, 60% used [0x0000000080000000,0x000000008a0adf30,0x0000000090b00000)
 Metaspace       used 82429K, capacity 86786K, committed 87848K, reserved 1124352K
  class space    used 10984K, capacity 11786K, committed 12080K, reserved 1048576K
}
Event: 119.434 GC heap before
{Heap before GC invocations=50 (full 7):
 PSYoungGen      total 649216K, used 642476K [0x00000000d5580000, 0x0000000100000000, 0x0000000100000000)
  eden space 606720K, 100% used [0x00000000d5580000,0x00000000fa600000,0x00000000fa600000)
  from space 42496K, 84% used [0x00000000fd680000,0x00000000ff96b128,0x0000000100000000)
  to   space 46080K, 0% used [0x00000000fa600000,0x00000000fa600000,0x00000000fd300000)
 ParOldGen       total 273408K, used 164535K [0x0000000080000000, 0x0000000090b00000, 0x00000000d5580000)
  object space 273408K, 60% used [0x0000000080000000,0x000000008a0adf30,0x0000000090b00000)
 Metaspace       used 82455K, capacity 86862K, committed 87848K, reserved 1124352K
  class space    used 10985K, capacity 11788K, committed 12080K, reserved 1048576K
Event: 119.606 GC heap after
Heap after GC invocations=50 (full 7):
 PSYoungGen      total 644608K, used 37443K [0x00000000d5580000, 0x0000000100000000, 0x0000000100000000)
  eden space 606720K, 0% used [0x00000000d5580000,0x00000000d5580000,0x00000000fa600000)
  from space 37888K, 98% used [0x00000000fa600000,0x00000000fca90cd0,0x00000000fcb00000)
  to   space 49664K, 0% used [0x00000000fcf80000,0x00000000fcf80000,0x0000000100000000)
 ParOldGen       total 273408K, used 171585K [0x0000000080000000, 0x0000000090b00000, 0x00000000d5580000)
  object space 273408K, 62% used [0x0000000080000000,0x000000008a790438,0x0000000090b00000)
 Metaspace       used 82455K, capacity 86862K, committed 87848K, reserved 1124352K
  class space    used 10985K, capacity 11788K, committed 12080K, reserved 1048576K
}

